<?xml version="1.0" encoding="UTF-8"?>
<testng-results ignored="0" total="1" passed="1" failed="0" skipped="0">
  <reporter-output>
  </reporter-output>
  <suite started-at="2024-05-02T15:24:54 IST" name="Suite" finished-at="2024-05-02T15:25:03 IST" duration-ms="9254">
    <groups>
    </groups>
    <test started-at="2024-05-02T15:24:54 IST" name="Test1" finished-at="2024-05-02T15:25:03 IST" duration-ms="9254">
      <class name="CustomerportalTest.customerPortaltest.MainTest2">
        <test-method is-config="true" signature="launchApplication()[pri:0, instance:CustomerportalTest.customerPortaltest.MainTest2@4f5991f6]" started-at="2024-05-02T15:24:54 IST" name="launchApplication" finished-at="2024-05-02T15:25:00 IST" duration-ms="6185" status="PASS">
          <reporter-output>
          </reporter-output>
        </test-method> <!-- launchApplication -->
        <test-method signature="signUp()[pri:0, instance:CustomerportalTest.customerPortaltest.MainTest2@4f5991f6]" started-at="2024-05-02T15:25:00 IST" name="signUp" finished-at="2024-05-02T15:25:03 IST" duration-ms="2866" status="PASS">
          <reporter-output>
          </reporter-output>
        </test-method> <!-- signUp -->
        <test-method is-config="true" signature="tearDown()[pri:0, instance:CustomerportalTest.customerPortaltest.MainTest2@4f5991f6]" started-at="2024-05-02T15:25:03 IST" name="tearDown" finished-at="2024-05-02T15:25:03 IST" duration-ms="162" status="PASS">
          <reporter-output>
          </reporter-output>
        </test-method> <!-- tearDown -->
      </class> <!-- CustomerportalTest.customerPortaltest.MainTest2 -->
    </test> <!-- Test1 -->
  </suite> <!-- Suite -->
</testng-results>
